Generated by Fabric Configuration (version 2019.1-patch2 build 42169) at Sun Nov 15 12:42:45 2020
Application path: F:/PDS_2019.1-patch2/bin/cdt_cfg.exe
----------------------------------------------------------------------
----------------------------------------------------------------------
Loading file 'C:/Users/hp/Desktop/Image_Keystone/Image_Keystone/Image/generate_bitstream/top.sbit' ...
done.
Added Device Logos-PGL22G-sg6-BG324 successfully.
Connecting to server[127.0.0.1 : 65420].
Connect to server[127.0.0.1 : 65420] successfully.
COMMAND[check version information] execute successfully, takes 0.4 secs.
The cable List : 
Cable index 0:USB Cable II/334449313234 

COMMAND[get_cable_paras] execute successfully, takes 0.8 secs.
PANGO USB CABLE II cable driver: D2XX DLL
Loading file 'C:/Users/hp/Desktop/Image_Keystone/Image_Keystone/Image/generate_bitstream/top.sbit' ...
done.
COMMAND[Open config cable] execute successfully, takes 3.9 secs.
PANGO USB CABLE II cable driver: D2XX DLL
COMMAND[Open config cable] execute successfully, takes 0.4 secs.
COMMAND[Program] execute successfully, takes 1.2 secs.
