Generated by Fabric Inserter (version 2019.1-patch2 build 42169) at Sat Nov 14 19:05:41 2020
Application path: E:/pango/bin/cdt_ins.exe
Compiling architecture definition.
*************************************************************************
*
*  Parsing design. Please be patient as this can take several minutes.
*
*************************************************************************
Compiling technology operator (valence) library.
Loading technology operator library.
Compiling technology operator library.
Compiling file 'E:/Image_Rotat_master/Image/synthesize/top.vm'.
W: CompilerVer 1003: [E:/Image_Rotat_master/Image/synthesize/top.vm(line number: 122)] Compiler directive '`timescale 100 ps/100 ps' is ignored.
W: CompilerVer 1007: Port CPHASEF have no connected net.
W: CompilerVer 1007: Port DUTYF have no connected net.
W: CompilerVer 1007: Port PHASEF have no connected net.
W: CompilerVer 1007: Port CIN have no connected net.
W: CompilerVer 1007: Port CIN have no connected net.
W: CompilerVer 1007: Port CIN have no connected net.
W: CompilerVer 1007: Port CIN have no connected net.
W: CompilerVer 1007: Port CIN have no connected net.
W: CompilerVer 1007: Port CIN have no connected net.
W: CompilerVer 1007: Port CIN have no connected net.
W: CompilerVer 1007: Port CIN have no connected net.
W: CompilerVer 1007: Port CIN have no connected net.
W: CompilerVer 1007: Port CIN have no connected net.
W: CompilerVer 1007: Port CIN have no connected net.
W: CompilerVer 1007: Port CIN have no connected net.
W: CompilerVer 1007: Port CIN have no connected net.
W: CompilerVer 1007: Port CIN have no connected net.
W: CompilerVer 1007: Port CIN have no connected net.
W: CompilerVer 1007: Port CIN have no connected net.
W: CompilerVer 1007: Port CIN have no connected net.
W: CompilerVer 1007: Port CIN have no connected net.
W: CompilerVer 1007: Port CIN have no connected net.
W: CompilerVer 1007: Port CIN have no connected net.
W: CompilerVer 1007: Port CIN have no connected net.
W: CompilerVer 1007: Port CIN have no connected net.
W: CompilerVer 1007: Port CIN have no connected net.
W: CompilerVer 1007: Port CIN have no connected net.
W: CompilerVer 1007: Port CIN have no connected net.
W: CompilerVer 1007: Port CIN have no connected net.
W: CompilerVer 1007: Port CIN have no connected net.
W: CompilerVer 1007: Port CIN have no connected net.
W: CompilerVer 1007: Port CIN have no connected net.
W: CompilerVer 1007: Port CIN have no connected net.
W: CompilerVer 1007: Port CIN have no connected net.
W: CompilerVer 1007: Port CIN have no connected net.
W: CompilerVer 1007: Port CIN have no connected net.
W: CompilerVer 1007: Port CIN have no connected net.
W: CompilerVer 1007: Port CIN have no connected net.
W: CompilerVer 1007: Port CIN have no connected net.
W: CompilerVer 1007: Port CIN have no connected net.
W: CompilerVer 1007: Port CIN have no connected net.
W: CompilerVer 1007: Port CIN have no connected net.
W: CompilerVer 1007: Port CIN have no connected net.
W: CompilerVer 1007: Port CIN have no connected net.
W: CompilerVer 1007: Port CIN have no connected net.
W: CompilerVer 1007: Port CIN have no connected net.
W: CompilerVer 1007: Port CIN have no connected net.
W: CompilerVer 1007: Port CIN have no connected net.
W: CompilerVer 1007: Port CIN have no connected net.
W: CompilerVer 1007: Port CIN have no connected net.
W: CompilerVer 1007: Port CIN have no connected net.
W: CompilerVer 1007: Port CIN have no connected net.
W: CompilerVer 1007: Port CIN have no connected net.
W: CompilerVer 1007: Port CIN have no connected net.
W: CompilerVer 1007: Port CIN have no connected net.
W: CompilerVer 1007: Port CIN have no connected net.
W: CompilerVer 1007: Port CIN have no connected net.
W: CompilerVer 1007: Port CIN have no connected net.
W: CompilerVer 1007: Port CIN have no connected net.
W: CompilerVer 1007: Port CIN have no connected net.
W: CompilerVer 1007: Port CIN have no connected net.
W: CompilerVer 1007: Port CIN have no connected net.
W: CompilerVer 1007: Port CIN have no connected net.
W: CompilerVer 1007: Port CIN have no connected net.
W: CompilerVer 1007: Port CIN have no connected net.
W: CompilerVer 1007: Port CIN have no connected net.
W: CompilerVer 1007: Port CIN have no connected net.
W: CompilerVer 1007: Port CIN have no connected net.
W: CompilerVer 1007: Port CIN have no connected net.
W: CompilerVer 1007: Port CIN have no connected net.
W: CompilerVer 1007: Port CIN have no connected net.
W: CompilerVer 1007: Port CIN have no connected net.
W: CompilerVer 1007: Port CIN have no connected net.
W: CompilerVer 1007: Port CIN have no connected net.
W: CompilerVer 1007: Port CIN have no connected net.
W: CompilerVer 1007: Port CIN have no connected net.
W: CompilerVer 1007: Port CIN have no connected net.
W: CompilerVer 1007: Port CIN have no connected net.
W: CompilerVer 1007: Port CIN have no connected net.
W: CompilerVer 1007: Port CIN have no connected net.
W: CompilerVer 1007: Port CIN have no connected net.
W: CompilerVer 1007: Port CIN have no connected net.
W: CompilerVer 1007: Port CIN have no connected net.
W: CompilerVer 1007: Port CIN have no connected net.
W: CompilerVer 1007: Port CIN have no connected net.
W: CompilerVer 1007: Port CIN have no connected net.
W: CompilerVer 1007: Port CIN have no connected net.
W: CompilerVer 1007: Port CIN have no connected net.
W: CompilerVer 1007: Port CIN have no connected net.
W: CompilerVer 1007: Port CIN have no connected net.
W: CompilerVer 1007: Port CIN have no connected net.
W: CompilerVer 1007: Port CIN have no connected net.
W: CompilerVer 1007: Port CIN have no connected net.
W: CompilerVer 1007: Port CIN have no connected net.
W: CompilerVer 1007: Port CIN have no connected net.
W: CompilerVer 1007: Port CIN have no connected net.
W: CompilerVer 1007: Port CIN have no connected net.
W: CompilerVer 1007: Port CIN have no connected net.
W: CompilerVer 1007: Port CIN have no connected net.
W: CompilerVer 1007: Port CIN have no connected net.
W: CompilerVer 1007: Port CIN have no connected net.
W: CompilerVer 1007: Port CIN have no connected net.
W: CompilerVer 1007: Port CIN have no connected net.
W: CompilerVer 1007: Port CIN have no connected net.
W: CompilerVer 1007: Port CIN have no connected net.
W: CompilerVer 1007: Port CIN have no connected net.
W: CompilerVer 1007: Port CIN have no connected net.
W: CompilerVer 1007: Port CIN have no connected net.
W: CompilerVer 1007: Port CIN have no connected net.
W: CompilerVer 1007: Port CIN have no connected net.
W: CompilerVer 1007: Port CIN have no connected net.
W: CompilerVer 1007: Port CIN have no connected net.
W: CompilerVer 1007: Port CIN have no connected net.
W: CompilerVer 1007: Port CIN have no connected net.
W: CompilerVer 1007: Port CIN have no connected net.
W: CompilerVer 1007: Port CIN have no connected net.
W: CompilerVer 1007: Port CIN have no connected net.
W: CompilerVer 1007: Port CIN have no connected net.
W: CompilerVer 1007: Port CIN have no connected net.
W: CompilerVer 1007: Port CIN have no connected net.
W: CompilerVer 1007: Port CIN have no connected net.
W: CompilerVer 1007: Port CIN have no connected net.
W: CompilerVer 1007: Port CIN have no connected net.
W: CompilerVer 1007: Port CIN have no connected net.
W: CompilerVer 1007: Port CIN have no connected net.
W: CompilerVer 1007: Port CIN have no connected net.
W: CompilerVer 1007: Port CIN have no connected net.
W: CompilerVer 1007: Port CIN have no connected net.
W: CompilerVer 1007: Port CIN have no connected net.
W: CompilerVer 1007: Port CIN have no connected net.
W: CompilerVer 1007: Port CIN have no connected net.
W: CompilerVer 1007: Port CIN have no connected net.
W: CompilerVer 1007: Port CIN have no connected net.
W: CompilerVer 1007: Port CIN have no connected net.
W: CompilerVer 1007: Port CIN have no connected net.
W: CompilerVer 1007: Port CIN have no connected net.
W: CompilerVer 1007: Port CIN have no connected net.
W: CompilerVer 1007: Port CIN have no connected net.
W: CompilerVer 1007: Port CIN have no connected net.
W: CompilerVer 1007: Port CIN have no connected net.
W: CompilerVer 1007: Port CIN have no connected net.
W: CompilerVer 1007: Port CIN have no connected net.
W: CompilerVer 1007: Port CIN have no connected net.
W: CompilerVer 1007: Port CIN have no connected net.
W: CompilerVer 1007: Port CIN have no connected net.
W: CompilerVer 1007: Port CIN have no connected net.
W: CompilerVer 1007: Port CIN have no connected net.
W: CompilerVer 1007: Port CIN have no connected net.
W: CompilerVer 1007: Port CIN have no connected net.
W: CompilerVer 1007: Port CIN have no connected net.
W: CompilerVer 1007: Port CIN have no connected net.
W: CompilerVer 1007: Port CIN have no connected net.
W: CompilerVer 1007: Port CIN have no connected net.
W: CompilerVer 1007: Port CIN have no connected net.
W: CompilerVer 1007: Port CIN have no connected net.
W: CompilerVer 1007: Port CIN have no connected net.
W: CompilerVer 1007: Port CIN have no connected net.
W: CompilerVer 1007: Port CIN have no connected net.
W: CompilerVer 1007: Port CIN have no connected net.
W: CompilerVer 1007: Port CIN have no connected net.
W: CompilerVer 1007: Port CIN have no connected net.
W: CompilerVer 1007: Port CIN have no connected net.
W: CompilerVer 1007: Port CIN have no connected net.
W: CompilerVer 1007: Port CIN have no connected net.
W: CompilerVer 1007: Port CIN have no connected net.
W: CompilerVer 1007: Port CIN have no connected net.
W: CompilerVer 1007: Port CIN have no connected net.
W: CompilerVer 1007: Port CIN have no connected net.
W: CompilerVer 1007: Port CIN have no connected net.
W: CompilerVer 1007: Port CIN have no connected net.
W: CompilerVer 1007: Port CIN have no connected net.
W: CompilerVer 1007: Port CPHASEF have no connected net.
W: CompilerVer 1007: Port DUTYF have no connected net.
W: CompilerVer 1007: Port PHASEF have no connected net.
W: CompilerVer 1007: Port CIN have no connected net.
W: CompilerVer 1007: Port CIN have no connected net.
W: CompilerVer 1007: Port CIN have no connected net.
W: CompilerVer 1007: Port CIN have no connected net.
W: CompilerVer 1007: Port CIN have no connected net.
W: CompilerVer 1007: Port DQSI have no connected net.
W: CompilerVer 1007: Port GATE_IN have no connected net.
W: CompilerVer 1007: Port DQSI have no connected net.
W: CompilerVer 1007: Port GATE_IN have no connected net.
W: CompilerVer 1007: Port DQSI have no connected net.
W: CompilerVer 1007: Port GATE_IN have no connected net.
W: CompilerVer 1007: Port aclk_0 have no connected net.
W: CompilerVer 1007: Port awlock_0 have no connected net.
W: CompilerVer 1007: Port awvalid_0 have no connected net.
W: CompilerVer 1007: Port awurgent_0 have no connected net.
W: CompilerVer 1007: Port awpoison_0 have no connected net.
W: CompilerVer 1007: Port wlast_0 have no connected net.
W: CompilerVer 1007: Port wvalid_0 have no connected net.
W: CompilerVer 1007: Port bready_0 have no connected net.
W: CompilerVer 1007: Port arlock_0 have no connected net.
W: CompilerVer 1007: Port arvalid_0 have no connected net.
W: CompilerVer 1007: Port arpoison_0 have no connected net.
W: CompilerVer 1007: Port rready_0 have no connected net.
W: CompilerVer 1007: Port arurgent_0 have no connected net.
W: CompilerVer 1007: Port csysreq_0 have no connected net.
W: CompilerVer 1007: Port CIN have no connected net.
W: CompilerVer 1007: Port CIN have no connected net.
W: CompilerVer 1007: Port CIN have no connected net.
W: CompilerVer 1007: Port CIN have no connected net.
W: CompilerVer 1007: Port CIN have no connected net.
W: CompilerVer 1007: Port CIN have no connected net.
W: CompilerVer 1007: Port CIN have no connected net.
W: CompilerVer 1007: Port CIN have no connected net.
W: CompilerVer 1007: Port CIN have no connected net.
W: CompilerVer 1007: Port CIN have no connected net.
W: CompilerVer 1007: Port CIN have no connected net.
W: CompilerVer 1007: Port CIN have no connected net.
W: CompilerVer 1007: Port CIN have no connected net.
W: CompilerVer 1007: Port CIN have no connected net.
W: CompilerVer 1007: Port CIN have no connected net.
W: CompilerVer 1007: Port CIN have no connected net.
W: CompilerVer 1007: Port CIN have no connected net.
W: CompilerVer 1007: Port CIN have no connected net.
W: CompilerVer 1007: Port CIN have no connected net.
W: Adm 1002: [E:/Image_Rotat_master/Image/synthesize/top.vm (line number:176491)] Attribute 'syn_tristate' is not supported. It's ignored.
W: Adm 1002: [E:/Image_Rotat_master/Image/synthesize/top.vm (line number:176492)] Attribute 'syn_tristate' is not supported. It's ignored.
W: Adm 1002: [E:/Image_Rotat_master/Image/synthesize/top.vm (line number:176505)] Attribute 'syn_tristate' is not supported. It's ignored.
W: Adm 1002: [E:/Image_Rotat_master/Image/synthesize/top.vm (line number:176506)] Attribute 'syn_tristate' is not supported. It's ignored.
W: Adm 1002: [E:/Image_Rotat_master/Image/synthesize/top.vm (line number:176507)] Attribute 'syn_tristate' is not supported. It's ignored.
W: Adm 1002: [E:/Image_Rotat_master/Image/synthesize/top.vm (line number:161594)] Attribute 'syn_tristate' is not supported. It's ignored.
W: Adm 1002: [E:/Image_Rotat_master/Image/synthesize/top.vm (line number:161595)] Attribute 'syn_tristate' is not supported. It's ignored.
W: Adm 1002: [E:/Image_Rotat_master/Image/synthesize/top.vm (line number:161596)] Attribute 'syn_tristate' is not supported. It's ignored.
W: Adm 1002: [E:/Image_Rotat_master/Image/synthesize/top.vm (line number:161288)] Attribute 'syn_tristate' is not supported. It's ignored.
W: Adm 1002: [E:/Image_Rotat_master/Image/synthesize/top.vm (line number:161289)] Attribute 'syn_tristate' is not supported. It's ignored.
W: Adm 1002: [E:/Image_Rotat_master/Image/synthesize/top.vm (line number:161290)] Attribute 'syn_tristate' is not supported. It's ignored.
W: Adm 1002: [E:/Image_Rotat_master/Image/synthesize/top.vm (line number:158714)] Attribute 'syn_tristate' is not supported. It's ignored.
W: Adm 1002: [E:/Image_Rotat_master/Image/synthesize/top.vm (line number:158715)] Attribute 'syn_tristate' is not supported. It's ignored.
W: Adm 1002: [E:/Image_Rotat_master/Image/synthesize/top.vm (line number:158716)] Attribute 'syn_tristate' is not supported. It's ignored.
W: Adm 1002: [E:/Image_Rotat_master/Image/synthesize/top.vm (line number:161027)] Attribute 'TEST_PATTERN2' is not supported. It's ignored.
W: Adm 1002: [E:/Image_Rotat_master/Image/synthesize/top.vm (line number:161027)] Attribute 'TEST_PATTERN3' is not supported. It's ignored.
W: Adm 1002: [E:/Image_Rotat_master/Image/synthesize/top.vm (line number:161027)] Attribute 'T200US' is not supported. It's ignored.
W: Adm 1002: [E:/Image_Rotat_master/Image/synthesize/top.vm (line number:161027)] Attribute 'MR0_DDR3' is not supported. It's ignored.
W: Adm 1002: [E:/Image_Rotat_master/Image/synthesize/top.vm (line number:161027)] Attribute 'MR1_DDR3' is not supported. It's ignored.
W: Adm 1002: [E:/Image_Rotat_master/Image/synthesize/top.vm (line number:161027)] Attribute 'MR2_DDR3' is not supported. It's ignored.
W: Adm 1002: [E:/Image_Rotat_master/Image/synthesize/top.vm (line number:161027)] Attribute 'MR3_DDR3' is not supported. It's ignored.
W: Adm 1002: [E:/Image_Rotat_master/Image/synthesize/top.vm (line number:161027)] Attribute 'MR_DDR2' is not supported. It's ignored.
W: Adm 1002: [E:/Image_Rotat_master/Image/synthesize/top.vm (line number:161027)] Attribute 'EMR1_DDR2' is not supported. It's ignored.
W: Adm 1002: [E:/Image_Rotat_master/Image/synthesize/top.vm (line number:161027)] Attribute 'EMR2_DDR2' is not supported. It's ignored.
W: Adm 1002: [E:/Image_Rotat_master/Image/synthesize/top.vm (line number:161027)] Attribute 'EMR3_DDR2' is not supported. It's ignored.
W: Adm 1002: [E:/Image_Rotat_master/Image/synthesize/top.vm (line number:161027)] Attribute 'MR_LPDDR' is not supported. It's ignored.
W: Adm 1002: [E:/Image_Rotat_master/Image/synthesize/top.vm (line number:161027)] Attribute 'EMR_LPDDR' is not supported. It's ignored.
W: Adm 1002: [E:/Image_Rotat_master/Image/synthesize/top.vm (line number:161027)] Attribute 'TMRD' is not supported. It's ignored.
W: Adm 1002: [E:/Image_Rotat_master/Image/synthesize/top.vm (line number:161027)] Attribute 'TMOD' is not supported. It's ignored.
W: Adm 1002: [E:/Image_Rotat_master/Image/synthesize/top.vm (line number:161027)] Attribute 'TZQINIT' is not supported. It's ignored.
W: Adm 1002: [E:/Image_Rotat_master/Image/synthesize/top.vm (line number:161027)] Attribute 'TXPR' is not supported. It's ignored.
W: Adm 1002: [E:/Image_Rotat_master/Image/synthesize/top.vm (line number:161027)] Attribute 'TRP' is not supported. It's ignored.
W: Adm 1002: [E:/Image_Rotat_master/Image/synthesize/top.vm (line number:161027)] Attribute 'TRFC' is not supported. It's ignored.
W: Adm 1002: [E:/Image_Rotat_master/Image/synthesize/top.vm (line number:161027)] Attribute 'WL_EN' is not supported. It's ignored.
W: Adm 1002: [E:/Image_Rotat_master/Image/synthesize/top.vm (line number:161027)] Attribute 'DDR_TYPE' is not supported. It's ignored.
W: Adm 1002: [E:/Image_Rotat_master/Image/synthesize/top.vm (line number:161027)] Attribute 'DATA_WIDTH' is not supported. It's ignored.
W: Adm 1002: [E:/Image_Rotat_master/Image/synthesize/top.vm (line number:161027)] Attribute 'DQS_GATE_MODE' is not supported. It's ignored.
W: Adm 1002: [E:/Image_Rotat_master/Image/synthesize/top.vm (line number:161027)] Attribute 'WRDATA_PATH_ADJ' is not supported. It's ignored.
W: Adm 1002: [E:/Image_Rotat_master/Image/synthesize/top.vm (line number:161027)] Attribute 'CTRL_PATH_ADJ' is not supported. It's ignored.
W: Adm 1002: [E:/Image_Rotat_master/Image/synthesize/top.vm (line number:161027)] Attribute 'WL_MAX_STEP' is not supported. It's ignored.
W: Adm 1002: [E:/Image_Rotat_master/Image/synthesize/top.vm (line number:161027)] Attribute 'WL_MAX_CHECK' is not supported. It's ignored.
W: Adm 1002: [E:/Image_Rotat_master/Image/synthesize/top.vm (line number:161027)] Attribute 'MAN_WRLVL_DQS_L' is not supported. It's ignored.
W: Adm 1002: [E:/Image_Rotat_master/Image/synthesize/top.vm (line number:161027)] Attribute 'MAN_WRLVL_DQS_H' is not supported. It's ignored.
W: Adm 1002: [E:/Image_Rotat_master/Image/synthesize/top.vm (line number:161027)] Attribute 'WL_CTRL_L' is not supported. It's ignored.
W: Adm 1002: [E:/Image_Rotat_master/Image/synthesize/top.vm (line number:161027)] Attribute 'WL_CTRL_H' is not supported. It's ignored.
W: Adm 1002: [E:/Image_Rotat_master/Image/synthesize/top.vm (line number:161027)] Attribute 'INIT_READ_CLK_CTRL' is not supported. It's ignored.
W: Adm 1002: [E:/Image_Rotat_master/Image/synthesize/top.vm (line number:161027)] Attribute 'INIT_READ_CLK_CTRL_H' is not supported. It's ignored.
W: Adm 1002: [E:/Image_Rotat_master/Image/synthesize/top.vm (line number:161027)] Attribute 'INIT_SLIP_STEP' is not supported. It's ignored.
W: Adm 1002: [E:/Image_Rotat_master/Image/synthesize/top.vm (line number:161027)] Attribute 'INIT_SLIP_STEP_H' is not supported. It's ignored.
W: Adm 1002: [E:/Image_Rotat_master/Image/synthesize/top.vm (line number:161027)] Attribute 'FORCE_READ_CLK_CTRL_L' is not supported. It's ignored.
W: Adm 1002: [E:/Image_Rotat_master/Image/synthesize/top.vm (line number:161027)] Attribute 'FORCE_READ_CLK_CTRL_H' is not supported. It's ignored.
W: Adm 1002: [E:/Image_Rotat_master/Image/synthesize/top.vm (line number:161027)] Attribute 'STOP_WITH_ERROR' is not supported. It's ignored.
W: Adm 1002: [E:/Image_Rotat_master/Image/synthesize/top.vm (line number:161027)] Attribute 'DQGT_DEBUG' is not supported. It's ignored.
W: Adm 1002: [E:/Image_Rotat_master/Image/synthesize/top.vm (line number:161027)] Attribute 'WRITE_DEBUG' is not supported. It's ignored.
W: Adm 1002: [E:/Image_Rotat_master/Image/synthesize/top.vm (line number:161027)] Attribute 'RDEL_ADJ_MAX_RANG' is not supported. It's ignored.
W: Adm 1002: [E:/Image_Rotat_master/Image/synthesize/top.vm (line number:161027)] Attribute 'MIN_DQSI_WIN' is not supported. It's ignored.
W: Adm 1002: [E:/Image_Rotat_master/Image/synthesize/top.vm (line number:161027)] Attribute 'INIT_SAMP_POSITION' is not supported. It's ignored.
W: Adm 1002: [E:/Image_Rotat_master/Image/synthesize/top.vm (line number:161027)] Attribute 'INIT_SAMP_POSITION_H' is not supported. It's ignored.
W: Adm 1002: [E:/Image_Rotat_master/Image/synthesize/top.vm (line number:161027)] Attribute 'FORCE_SAMP_POSITION_L' is not supported. It's ignored.
W: Adm 1002: [E:/Image_Rotat_master/Image/synthesize/top.vm (line number:161027)] Attribute 'FORCE_SAMP_POSITION_H' is not supported. It's ignored.
W: Adm 1002: [E:/Image_Rotat_master/Image/synthesize/top.vm (line number:161027)] Attribute 'RDEL_RD_CNT' is not supported. It's ignored.
W: Adm 1002: [E:/Image_Rotat_master/Image/synthesize/top.vm (line number:161027)] Attribute 'T400NS' is not supported. It's ignored.
W: Adm 1002: [E:/Image_Rotat_master/Image/synthesize/top.vm (line number:161027)] Attribute 'T_LPDDR' is not supported. It's ignored.
W: Adm 1002: [E:/Image_Rotat_master/Image/synthesize/top.vm (line number:161027)] Attribute 'REF_CNT' is not supported. It's ignored.
W: Adm 1002: [E:/Image_Rotat_master/Image/synthesize/top.vm (line number:161027)] Attribute 'APB_VLD' is not supported. It's ignored.
W: Adm 1002: [E:/Image_Rotat_master/Image/synthesize/top.vm (line number:161027)] Attribute 'TEST_PATTERN1' is not supported. It's ignored.
W: Adm 1002: [E:/Image_Rotat_master/Image/synthesize/top.vm (line number:161027)] Attribute 'TRAIN_RST_TYPE' is not supported. It's ignored.
W: Adm 1002: [E:/Image_Rotat_master/Image/synthesize/top.vm (line number:161027)] Attribute 'TXS' is not supported. It's ignored.
W: Adm 1002: [E:/Image_Rotat_master/Image/synthesize/top.vm (line number:161027)] Attribute 'WL_SETTING' is not supported. It's ignored.
W: Adm 1002: [E:/Image_Rotat_master/Image/synthesize/top.vm (line number:161027)] Attribute 'WCLK_DEL_SEL' is not supported. It's ignored.
W: Adm 1002: [E:/Image_Rotat_master/Image/synthesize/top.vm (line number:161027)] Attribute 'INIT_WRLVL_STEP_L' is not supported. It's ignored.
W: Adm 1002: [E:/Image_Rotat_master/Image/synthesize/top.vm (line number:161027)] Attribute 'INIT_WRLVL_STEP_H' is not supported. It's ignored.
Compiling file 'E:/Image_Rotat_master/Image/synthesize/top.vm' successful.
Creating module hierarchy.
Collecting net information.
*************************************************************************
*
*  Design Parsing Done.
*
*************************************************************************
