E:\pango\syn\bin64\c_hdl.exe  -osyn  E:\Image_Rotat_master\Image\synthesize\synplify_impl\synwork\synplify_comp.srs  -top  top  -hdllog  E:\Image_Rotat_master\Image\synthesize\synplify_impl\synlog\synplify_compiler.srr  -encrypt  -mp  1  -verification_mode 0  -verilog  -prodtype  synplify_pro  -primux -fixsmult -sdff_counter -dspmac -nram -divnmod -nostructver   -I E:\Image_Rotat_master\Image  -I E:\Image_Rotat_master\Image\synthesize\  -I E:\pango\syn\lib   -v2001  -devicelib  E:\pango\syn\lib\generic\logos.v  -encrypt  -pro  -dmgen  E:\Image_Rotat_master\Image\synthesize\synplify_impl\dm  -ui -fid2 -ram -sharing on -ll 2000 -autosm  -D_MULTIPLE_FILE_COMPILATION_UNIT_  -lib work E:\Image_Rotat_master\Image\source\coor_trans\hdl\coor_trans.v -lib work E:\Image_Rotat_master\Image\source\coor_trans\hdl\coor_trans_forward.v -lib work E:\Image_Rotat_master\Image\source\coor_trans\hdl\coor_trans_reverse.v -lib work E:\Image_Rotat_master\Image\source\coor_trans\hdl\cos_table.v -lib work E:\Image_Rotat_master\Image\source\coor_trans\hdl\sin_table.v -lib work E:\Image_Rotat_master\Image\source\ddr3\ddr3.v -lib work E:\Image_Rotat_master\Image\source\ddr3\rtl\ipsl_ddrc_apb_reset.v -lib work E:\Image_Rotat_master\Image\source\ddr3\rtl\ipsl_ddrc_reset_ctrl.v -lib work E:\Image_Rotat_master\Image\source\ddr3\rtl\ipsl_ddrphy_dll_update_ctrl.v -lib work E:\Image_Rotat_master\Image\source\ddr3\rtl\ipsl_ddrphy_reset_ctrl.v -lib work E:\Image_Rotat_master\Image\source\ddr3\rtl\ipsl_ddrphy_training_ctrl.v -lib work E:\Image_Rotat_master\Image\source\ddr3\rtl\ipsl_ddrphy_update_ctrl.v -lib work E:\Image_Rotat_master\Image\source\ddr3\rtl\ipsl_hmemc_ddrc_top.v -lib work E:\Image_Rotat_master\Image\source\ddr3\rtl\ipsl_hmemc_phy_top.v -lib work E:\Image_Rotat_master\Image\source\ddr3\rtl\ipsl_phy_io.v -lib work E:\Image_Rotat_master\Image\source\ddr3\rtl\pll\pll_50_400.v -lib work E:\Image_Rotat_master\Image\source\display_module\char_array_decode.v -lib work E:\Image_Rotat_master\Image\source\display_module\Char_Pic_Disply.v -lib work E:\Image_Rotat_master\Image\source\display_module\char2_array_decode.v -lib work E:\Image_Rotat_master\Image\source\display_module\RGB_Gary_Binary.v -lib work E:\Image_Rotat_master\Image\source\display_module\timing_gen_xy.v -lib work E:\Image_Rotat_master\Image\source\display_module\video_timing_data.v -lib work E:\Image_Rotat_master\Image\source\dvi_tx\dvi_encoder.v -lib work E:\Image_Rotat_master\Image\source\dvi_tx\encode.v -lib work E:\Image_Rotat_master\Image\source\dvi_tx\serdes_4b_10to1.v -lib work E:\Image_Rotat_master\Image\source\i2c_master\i2c_config.v -lib work E:\Image_Rotat_master\Image\source\i2c_master\i2c_master_bit_ctrl.v -lib work E:\Image_Rotat_master\Image\source\i2c_master\i2c_master_byte_ctrl.v -lib work E:\Image_Rotat_master\Image\source\i2c_master\i2c_master_defines.v -lib work E:\Image_Rotat_master\Image\source\i2c_master\i2c_master_top.v -lib work E:\Image_Rotat_master\Image\source\sources_1\aq_axi_master.v -lib work E:\Image_Rotat_master\Image\source\sources_1\cmos_8_16bit.v -lib work E:\Image_Rotat_master\Image\source\sources_1\cmos_write_req_gen.v -lib work E:\Image_Rotat_master\Image\source\sources_1\frame_fifo_read.v -lib work E:\Image_Rotat_master\Image\source\sources_1\frame_fifo_write.v -lib work E:\Image_Rotat_master\Image\source\sources_1\frame_read_write.v -lib work E:\Image_Rotat_master\Image\source\sources_1\Key_Module.v -lib work E:\Image_Rotat_master\Image\source\sources_1\lut_ov5640_rgb565_1024_768.v -lib work E:\Image_Rotat_master\Image\source\sources_1\top.v -lib work E:\Image_Rotat_master\Image\source\display_module\color_bar.v -lib work E:\Image_Rotat_master\Image\source\display_module\video_define.v -lib work E:\Image_Rotat_master\Image\source\sources_1\image_processing.v -lib work E:\Image_Rotat_master\Image\source\div.v -lib work E:\Image_Rotat_master\Image\ipcore\osd_rom\osd_rom.v -lib work E:\Image_Rotat_master\Image\ipcore\osd_rom\rtl\ipml_rom_v1_3_osd_rom.v -lib work E:\Image_Rotat_master\Image\ipcore\afifo_16i_16o_512\rtl\ipml_fifo_v1_4_afifo_16i_16o_512.v -lib work E:\Image_Rotat_master\Image\ipcore\afifo_16i_16o_512\afifo_16i_16o_512.v -lib work E:\Image_Rotat_master\Image\ipcore\video_pll\video_pll.v -lib work E:\Image_Rotat_master\Image\ipcore\afifo_16i_16o_512\rtl\ipml_fifo_ctrl_v1_3.v -lib work E:\Image_Rotat_master\Image\ipcore\osd_rom\rtl\ipml_spram_v1_3_osd_rom.v -lib work E:\Image_Rotat_master\Image\ipcore\afifo_16i_16o_512\rtl\ipml_sdpram_v1_4_afifo_16i_16o_512.v  -jobname  "compiler" 
relcom:..\..\..\..\..\pango\syn\bin64\c_hdl.exe -osyn ..\synwork\synplify_comp.srs -top top -hdllog ..\synlog\synplify_compiler.srr -encrypt -mp 1 -verification_mode 0 -verilog -prodtype synplify_pro -primux -fixsmult -sdff_counter -dspmac -nram -divnmod -nostructver -I ..\..\..\..\Image -I ..\..\ -I ..\..\..\..\..\pango\syn\lib -v2001 -devicelib ..\..\..\..\..\pango\syn\lib\generic\logos.v -encrypt -pro -dmgen ..\dm -ui -fid2 -ram -sharing on -ll 2000 -autosm -D_MULTIPLE_FILE_COMPILATION_UNIT_ -lib work ..\..\..\source\coor_trans\hdl\coor_trans.v -lib work ..\..\..\source\coor_trans\hdl\coor_trans_forward.v -lib work ..\..\..\source\coor_trans\hdl\coor_trans_reverse.v -lib work ..\..\..\source\coor_trans\hdl\cos_table.v -lib work ..\..\..\source\coor_trans\hdl\sin_table.v -lib work ..\..\..\source\ddr3\ddr3.v -lib work ..\..\..\source\ddr3\rtl\ipsl_ddrc_apb_reset.v -lib work ..\..\..\source\ddr3\rtl\ipsl_ddrc_reset_ctrl.v -lib work ..\..\..\source\ddr3\rtl\ipsl_ddrphy_dll_update_ctrl.v -lib work ..\..\..\source\ddr3\rtl\ipsl_ddrphy_reset_ctrl.v -lib work ..\..\..\source\ddr3\rtl\ipsl_ddrphy_training_ctrl.v -lib work ..\..\..\source\ddr3\rtl\ipsl_ddrphy_update_ctrl.v -lib work ..\..\..\source\ddr3\rtl\ipsl_hmemc_ddrc_top.v -lib work ..\..\..\source\ddr3\rtl\ipsl_hmemc_phy_top.v -lib work ..\..\..\source\ddr3\rtl\ipsl_phy_io.v -lib work ..\..\..\source\ddr3\rtl\pll\pll_50_400.v -lib work ..\..\..\source\display_module\char_array_decode.v -lib work ..\..\..\source\display_module\Char_Pic_Disply.v -lib work ..\..\..\source\display_module\char2_array_decode.v -lib work ..\..\..\source\display_module\RGB_Gary_Binary.v -lib work ..\..\..\source\display_module\timing_gen_xy.v -lib work ..\..\..\source\display_module\video_timing_data.v -lib work ..\..\..\source\dvi_tx\dvi_encoder.v -lib work ..\..\..\source\dvi_tx\encode.v -lib work ..\..\..\source\dvi_tx\serdes_4b_10to1.v -lib work ..\..\..\source\i2c_master\i2c_config.v -lib work ..\..\..\source\i2c_master\i2c_master_bit_ctrl.v -lib work ..\..\..\source\i2c_master\i2c_master_byte_ctrl.v -lib work ..\..\..\source\i2c_master\i2c_master_defines.v -lib work ..\..\..\source\i2c_master\i2c_master_top.v -lib work ..\..\..\source\sources_1\aq_axi_master.v -lib work ..\..\..\source\sources_1\cmos_8_16bit.v -lib work ..\..\..\source\sources_1\cmos_write_req_gen.v -lib work ..\..\..\source\sources_1\frame_fifo_read.v -lib work ..\..\..\source\sources_1\frame_fifo_write.v -lib work ..\..\..\source\sources_1\frame_read_write.v -lib work ..\..\..\source\sources_1\Key_Module.v -lib work ..\..\..\source\sources_1\lut_ov5640_rgb565_1024_768.v -lib work ..\..\..\source\sources_1\top.v -lib work ..\..\..\source\display_module\color_bar.v -lib work ..\..\..\source\display_module\video_define.v -lib work ..\..\..\source\sources_1\image_processing.v -lib work ..\..\..\source\div.v -lib work ..\..\..\ipcore\osd_rom\osd_rom.v -lib work ..\..\..\ipcore\osd_rom\rtl\ipml_rom_v1_3_osd_rom.v -lib work ..\..\..\ipcore\afifo_16i_16o_512\rtl\ipml_fifo_v1_4_afifo_16i_16o_512.v -lib work ..\..\..\ipcore\afifo_16i_16o_512\afifo_16i_16o_512.v -lib work ..\..\..\ipcore\video_pll\video_pll.v -lib work ..\..\..\ipcore\afifo_16i_16o_512\rtl\ipml_fifo_ctrl_v1_3.v -lib work ..\..\..\ipcore\osd_rom\rtl\ipml_spram_v1_3_osd_rom.v -lib work ..\..\..\ipcore\afifo_16i_16o_512\rtl\ipml_sdpram_v1_4_afifo_16i_16o_512.v -jobname "compiler"
rc:0 success:1 runtime:29
file:..\synwork\synplify_comp.srs|io:o|time:1605349647|size:247783|exec:0|csum:
file:..\synlog\synplify_compiler.srr|io:o|time:1605349648|size:267128|exec:0|csum:
file:..\..\..\..\..\pango\syn\lib\generic\logos.v|io:i|time:1554698584|size:73977|exec:0|csum:0F694CCE00C871AA3CE054485C4AE5EF
file:..\..\..\source\coor_trans\hdl\coor_trans.v|io:i|time:1588692580|size:1841|exec:0|csum:08AE3D6E7E2A85B3514F3A210A149255
file:..\..\..\source\coor_trans\hdl\coor_trans_forward.v|io:i|time:1588692580|size:319|exec:0|csum:174DA0EBDBF3C9A5B68E32617AE5F679
file:..\..\..\source\coor_trans\hdl\coor_trans_reverse.v|io:i|time:1588692580|size:320|exec:0|csum:3B7A2BC4399469EBD1AC4F27C2BB019B
file:..\..\..\source\coor_trans\hdl\cos_table.v|io:i|time:1588692580|size:9977|exec:0|csum:2C63D87E400047AD32C4790BBE0BC1A0
file:..\..\..\source\coor_trans\hdl\sin_table.v|io:i|time:1588692580|size:10780|exec:0|csum:DC09744E94CF9687867F3801976B3D8B
file:..\..\..\source\ddr3\ddr3.v|io:i|time:1588692580|size:39777|exec:0|csum:A54DA2E89F710E89DB29DFED829A9CD5
file:..\..\..\source\ddr3\rtl\ipsl_ddrc_apb_reset.v|io:i|time:1588692580|size:20807|exec:0|csum:C3F6F7AA2BBD6F95F96CD02E8F62D4F5
file:..\..\..\source\ddr3\rtl\ipsl_ddrc_reset_ctrl.v|io:i|time:1588692580|size:7932|exec:0|csum:21F3831683622A37CDC016E226B9B0BD
file:..\..\..\source\ddr3\rtl\ipsl_ddrphy_dll_update_ctrl.v|io:i|time:1588692580|size:2501|exec:0|csum:02582FE6C48B9FAD573C9CEDFBA848AE
file:..\..\..\source\ddr3\rtl\ipsl_ddrphy_reset_ctrl.v|io:i|time:1588692580|size:5628|exec:0|csum:D72E4E4EF5B97619EA539BB7EC38F9BE
file:..\..\..\source\ddr3\rtl\ipsl_ddrphy_training_ctrl.v|io:i|time:1588692580|size:1865|exec:0|csum:9E1DA9F8FCD7FACCF2A6249A6D8C0223
file:..\..\..\source\ddr3\rtl\ipsl_ddrphy_update_ctrl.v|io:i|time:1588692580|size:10925|exec:0|csum:8BF2B285C5113492542EFA956179F401
file:..\..\..\source\ddr3\rtl\ipsl_hmemc_ddrc_top.v|io:i|time:1588692580|size:27604|exec:0|csum:990D4FE632632E9E69744ACA9A0B3A8B
file:..\..\..\source\ddr3\rtl\ipsl_hmemc_phy_top.v|io:i|time:1588692580|size:20628|exec:0|csum:37A4962B2F1B419AD2D84FA9957DA11D
file:..\..\..\source\ddr3\rtl\ipsl_phy_io.v|io:i|time:1588692580|size:123769|exec:0|csum:CD79B717E215B91FD16A2E6ABC5BFEEB
file:..\..\..\source\ddr3\rtl\pll\pll_50_400.v|io:i|time:1588692580|size:9968|exec:0|csum:6D8AAEEE29024B687F072D206A001477
file:..\..\..\source\display_module\char_array_decode.v|io:i|time:1588692580|size:1853|exec:0|csum:DCA8C15D373E5B854A683AF641F7FCE9
file:..\..\..\source\display_module\Char_Pic_Disply.v|io:i|time:1605266371|size:8315|exec:0|csum:DCA7A7645C24E4E88539829C57D50380
file:..\..\..\source\display_module\char2_array_decode.v|io:i|time:1588692580|size:5426|exec:0|csum:C11D60877E65A2EAAAE089026D2DA6EE
file:..\..\..\source\display_module\RGB_Gary_Binary.v|io:i|time:1605334725|size:5873|exec:0|csum:9FB68148BF2E072357C386B363A1DB3A
file:..\..\..\source\display_module\timing_gen_xy.v|io:i|time:1588692580|size:3786|exec:0|csum:B1BF14440BD5CC8AE89BEE0422A20070
file:..\..\..\source\display_module\video_timing_data.v|io:i|time:1588692580|size:4956|exec:0|csum:73EB08753FEB245EF340A898B67DBF1A
file:..\..\..\source\dvi_tx\dvi_encoder.v|io:i|time:1588692580|size:2032|exec:0|csum:453F02104A28B48DD1A1AC58C4C2FE9E
file:..\..\..\source\dvi_tx\encode.v|io:i|time:1588692580|size:7410|exec:0|csum:E445B8C195A2905CC48DA0A8235915D9
file:..\..\..\source\dvi_tx\serdes_4b_10to1.v|io:i|time:1588692580|size:7557|exec:0|csum:659F2ACCF0286C00B0D4EE56898AD070
file:..\..\..\source\i2c_master\i2c_config.v|io:i|time:1588692580|size:4938|exec:0|csum:8B4867DFD5894EAB25C48905BAA0F2BC
file:..\..\..\source\i2c_master\i2c_master_bit_ctrl.v|io:i|time:1588692580|size:21121|exec:0|csum:B1FF012CC75F27D1E9F26BBD0273E1A2
file:..\..\..\source\i2c_master\i2c_master_byte_ctrl.v|io:i|time:1588692580|size:10547|exec:0|csum:B0B9EB5B628C41B59B96FF195835FB67
file:..\..\..\source\i2c_master\i2c_master_defines.v|io:i|time:1588692580|size:3011|exec:0|csum:B220B22DEDEF9E43DFB5DA4E81D7559B
file:..\..\..\source\i2c_master\i2c_master_top.v|io:i|time:1588692580|size:9295|exec:0|csum:045FEC3F48E2A50D26FEEDA897D54623
file:..\..\..\source\sources_1\aq_axi_master.v|io:i|time:1588692580|size:12975|exec:0|csum:7D498317A4A60434015DC02CA3946EDB
file:..\..\..\source\sources_1\cmos_8_16bit.v|io:i|time:1605231630|size:5730|exec:0|csum:3780057577347DBEB385C00EAFD00C31
file:..\..\..\source\sources_1\cmos_write_req_gen.v|io:i|time:1588692580|size:3419|exec:0|csum:08FE13A80ADF68D32BD1C097755382D2
file:..\..\..\source\sources_1\frame_fifo_read.v|io:i|time:1588692580|size:10307|exec:0|csum:28A96641D40772A9925071232BF2567B
file:..\..\..\source\sources_1\frame_fifo_write.v|io:i|time:1588692580|size:10071|exec:0|csum:A39DB10456D236E9851AF786954A564A
file:..\..\..\source\sources_1\frame_read_write.v|io:i|time:1588692580|size:10949|exec:0|csum:396EA08A545268E7D16F79F241CE753E
file:..\..\..\source\sources_1\Key_Module.v|io:i|time:1588692580|size:2176|exec:0|csum:78389195C47CB292F7BCEFBCF1E47882
file:..\..\..\source\sources_1\lut_ov5640_rgb565_1024_768.v|io:i|time:1588692580|size:19934|exec:0|csum:87519AE260243768F555E00569347538
file:..\..\..\source\sources_1\top.v|io:i|time:1605266042|size:38921|exec:0|csum:00619D4A25C0179570EF84715748A279
file:..\..\..\source\display_module\color_bar.v|io:i|time:1588692580|size:11430|exec:0|csum:57F93D3C2CE28AF53F110F1ADAE2E2BB
file:..\..\..\source\display_module\video_define.v|io:i|time:1588692580|size:22|exec:0|csum:D013A4D801777CDB6720FE10A6E31ADC
file:..\..\..\source\sources_1\image_processing.v|io:i|time:1605349588|size:6154|exec:0|csum:CA010326F034C9BB6A9517829CA67C72
file:..\..\..\source\div.v|io:i|time:1605272303|size:716|exec:0|csum:03B280C25ABC52B615BF78231C84B07D
file:..\..\..\ipcore\osd_rom\osd_rom.v|io:i|time:1605247670|size:4434|exec:0|csum:06A2664AAB4D7D8547199FE57439B0D8
file:..\..\..\ipcore\osd_rom\rtl\ipml_rom_v1_3_osd_rom.v|io:i|time:1605247670|size:4506|exec:0|csum:8AA0331094A46E157751C87FD9D0D087
file:..\..\..\ipcore\afifo_16i_16o_512\rtl\ipml_fifo_v1_4_afifo_16i_16o_512.v|io:i|time:1588692580|size:7362|exec:0|csum:4B383CB5FCE3F325451D3268003697EC
file:..\..\..\ipcore\afifo_16i_16o_512\afifo_16i_16o_512.v|io:i|time:1588692580|size:8890|exec:0|csum:212C29FE5D6672179E4B8546D4185344
file:..\..\..\ipcore\video_pll\video_pll.v|io:i|time:1588692580|size:10027|exec:0|csum:B3EF267BDF478BA36C4BCB52D8B97183
file:..\..\..\ipcore\afifo_16i_16o_512\rtl\ipml_fifo_ctrl_v1_3.v|io:i|time:1588692580|size:13845|exec:0|csum:7F555F2887D4FEBEE6B8BE16C63FB921
file:..\..\..\ipcore\osd_rom\rtl\ipml_spram_v1_3_osd_rom.v|io:i|time:1605247670|size:37215|exec:0|csum:54BB585E0A607A20C1D1A6F31C54A087
file:..\..\..\ipcore\afifo_16i_16o_512\rtl\ipml_sdpram_v1_4_afifo_16i_16o_512.v|io:i|time:1588692580|size:89157|exec:0|csum:C98DE3E63D165957E80EACD4A865B4AE
file:..\..\..\..\..\pango\syn\bin64\c_hdl.exe|io:i|time:1554698396|size:5727744|exec:1|csum:F9958564D086E90A0884A2C881651C5A
